<?xml version="1.0" encoding="UTF-8"?>
<testsuite xmlns:xsi="http://www.w3.org/2001/XMLSchema-instance" xsi:noNamespaceSchemaLocation="https://maven.apache.org/surefire/maven-surefire-plugin/xsd/surefire-test-report.xsd" name="hadoopWork.AppTest" time="0.183" tests="1" errors="0" skipped="0" failures="0">
  <properties>
    <property name="gopherProxySet" value="false"/>
    <property name="awt.toolkit" value="sun.lwawt.macosx.LWCToolkit"/>
    <property name="file.encoding.pkg" value="sun.io"/>
    <property name="java.specification.version" value="1.8"/>
    <property name="sun.cpu.isalist" value=""/>
    <property name="sun.jnu.encoding" value="UTF-8"/>
    <property name="java.class.path" value="/Users/lidandan/IdeaProjects/hadoopWordCount/WepJudge/target/test-classes:/Users/lidandan/IdeaProjects/hadoopWordCount/WepJudge/target/classes:/Users/lidandan/.m2/repository/junit/junit/4.11/junit-4.11.jar:/Users/lidandan/.m2/repository/org/hamcrest/hamcrest-core/1.3/hamcrest-core-1.3.jar:/Users/lidandan/.m2/repository/org/apache/hive/hive-exec/1.2.1/hive-exec-1.2.1.jar:/Users/lidandan/.m2/repository/org/apache/hive/hive-ant/1.2.1/hive-ant-1.2.1.jar:/Users/lidandan/.m2/repository/org/apache/velocity/velocity/1.5/velocity-1.5.jar:/Users/lidandan/.m2/repository/oro/oro/2.0.8/oro-2.0.8.jar:/Users/lidandan/.m2/repository/org/apache/hive/hive-metastore/1.2.1/hive-metastore-1.2.1.jar:/Users/lidandan/.m2/repository/org/apache/hive/hive-serde/1.2.1/hive-serde-1.2.1.jar:/Users/lidandan/.m2/repository/org/apache/hive/hive-common/1.2.1/hive-common-1.2.1.jar:/Users/lidandan/.m2/repository/joda-time/joda-time/2.5/joda-time-2.5.jar:/Users/lidandan/.m2/repository/org/json/json/20090211/json-20090211.jar:/Users/lidandan/.m2/repository/net/sf/opencsv/opencsv/2.3/opencsv-2.3.jar:/Users/lidandan/.m2/repository/com/twitter/parquet-hadoop-bundle/1.6.0/parquet-hadoop-bundle-1.6.0.jar:/Users/lidandan/.m2/repository/com/jolbox/bonecp/0.8.0.RELEASE/bonecp-0.8.0.RELEASE.jar:/Users/lidandan/.m2/repository/org/apache/derby/derby/10.10.2.0/derby-10.10.2.0.jar:/Users/lidandan/.m2/repository/org/datanucleus/datanucleus-api-jdo/3.2.6/datanucleus-api-jdo-3.2.6.jar:/Users/lidandan/.m2/repository/org/datanucleus/datanucleus-rdbms/3.2.9/datanucleus-rdbms-3.2.9.jar:/Users/lidandan/.m2/repository/commons-pool/commons-pool/1.5.4/commons-pool-1.5.4.jar:/Users/lidandan/.m2/repository/commons-dbcp/commons-dbcp/1.4/commons-dbcp-1.4.jar:/Users/lidandan/.m2/repository/javax/jdo/jdo-api/3.0.1/jdo-api-3.0.1.jar:/Users/lidandan/.m2/repository/javax/transaction/jta/1.1/jta-1.1.jar:/Users/lidandan/.m2/repository/org/apache/thrift/libthrift/0.9.2/libthrift-0.9.2.jar:/Users/lidandan/.m2/repository/org/apache/hive/hive-shims/1.2.1/hive-shims-1.2.1.jar:/Users/lidandan/.m2/repository/org/apache/hive/shims/hive-shims-common/1.2.1/hive-shims-common-1.2.1.jar:/Users/lidandan/.m2/repository/org/apache/hive/shims/hive-shims-0.20S/1.2.1/hive-shims-0.20S-1.2.1.jar:/Users/lidandan/.m2/repository/org/apache/hive/shims/hive-shims-0.23/1.2.1/hive-shims-0.23-1.2.1.jar:/Users/lidandan/.m2/repository/org/apache/hadoop/hadoop-yarn-server-resourcemanager/2.6.0/hadoop-yarn-server-resourcemanager-2.6.0.jar:/Users/lidandan/.m2/repository/com/google/inject/extensions/guice-servlet/3.0/guice-servlet-3.0.jar:/Users/lidandan/.m2/repository/com/google/inject/guice/3.0/guice-3.0.jar:/Users/lidandan/.m2/repository/javax/inject/javax.inject/1/javax.inject-1.jar:/Users/lidandan/.m2/repository/aopalliance/aopalliance/1.0/aopalliance-1.0.jar:/Users/lidandan/.m2/repository/com/sun/jersey/contribs/jersey-guice/1.9/jersey-guice-1.9.jar:/Users/lidandan/.m2/repository/org/apache/hadoop/hadoop-yarn-server-applicationhistoryservice/2.6.0/hadoop-yarn-server-applicationhistoryservice-2.6.0.jar:/Users/lidandan/.m2/repository/org/apache/hadoop/hadoop-yarn-server-web-proxy/2.6.0/hadoop-yarn-server-web-proxy-2.6.0.jar:/Users/lidandan/.m2/repository/org/apache/hive/shims/hive-shims-scheduler/1.2.1/hive-shims-scheduler-1.2.1.jar:/Users/lidandan/.m2/repository/commons-codec/commons-codec/1.4/commons-codec-1.4.jar:/Users/lidandan/.m2/repository/commons-httpclient/commons-httpclient/3.0.1/commons-httpclient-3.0.1.jar:/Users/lidandan/.m2/repository/commons-io/commons-io/2.4/commons-io-2.4.jar:/Users/lidandan/.m2/repository/commons-logging/commons-logging/1.1.3/commons-logging-1.1.3.jar:/Users/lidandan/.m2/repository/log4j/log4j/1.2.16/log4j-1.2.16.jar:/Users/lidandan/.m2/repository/log4j/apache-log4j-extras/1.2.17/apache-log4j-extras-1.2.17.jar:/Users/lidandan/.m2/repository/org/antlr/antlr-runtime/3.4/antlr-runtime-3.4.jar:/Users/lidandan/.m2/repository/org/antlr/stringtemplate/3.2.1/stringtemplate-3.2.1.jar:/Users/lidandan/.m2/repository/antlr/antlr/2.7.7/antlr-2.7.7.jar:/Users/lidandan/.m2/repository/org/antlr/ST4/4.0.4/ST4-4.0.4.jar:/Users/lidandan/.m2/repository/org/apache/ant/ant/1.9.1/ant-1.9.1.jar:/Users/lidandan/.m2/repository/org/apache/ant/ant-launcher/1.9.1/ant-launcher-1.9.1.jar:/Users/lidandan/.m2/repository/org/apache/commons/commons-compress/1.4.1/commons-compress-1.4.1.jar:/Users/lidandan/.m2/repository/org/tukaani/xz/1.0/xz-1.0.jar:/Users/lidandan/.m2/repository/org/apache/thrift/libfb303/0.9.2/libfb303-0.9.2.jar:/Users/lidandan/.m2/repository/org/apache/ivy/ivy/2.4.0/ivy-2.4.0.jar:/Users/lidandan/.m2/repository/org/apache/zookeeper/zookeeper/3.4.6/zookeeper-3.4.6.jar:/Users/lidandan/.m2/repository/io/netty/netty/3.7.0.Final/netty-3.7.0.Final.jar:/Users/lidandan/.m2/repository/org/apache/curator/curator-framework/2.6.0/curator-framework-2.6.0.jar:/Users/lidandan/.m2/repository/org/codehaus/groovy/groovy-all/2.1.6/groovy-all-2.1.6.jar:/Users/lidandan/.m2/repository/org/datanucleus/datanucleus-core/3.2.10/datanucleus-core-3.2.10.jar:/Users/lidandan/.m2/repository/org/apache/calcite/calcite-core/1.2.0-incubating/calcite-core-1.2.0-incubating.jar:/Users/lidandan/.m2/repository/org/apache/calcite/calcite-linq4j/1.2.0-incubating/calcite-linq4j-1.2.0-incubating.jar:/Users/lidandan/.m2/repository/net/hydromatic/eigenbase-properties/1.1.5/eigenbase-properties-1.1.5.jar:/Users/lidandan/.m2/repository/org/codehaus/janino/janino/2.7.6/janino-2.7.6.jar:/Users/lidandan/.m2/repository/org/codehaus/janino/commons-compiler/2.7.6/commons-compiler-2.7.6.jar:/Users/lidandan/.m2/repository/org/pentaho/pentaho-aggdesigner-algorithm/5.1.5-jhyde/pentaho-aggdesigner-algorithm-5.1.5-jhyde.jar:/Users/lidandan/.m2/repository/org/apache/calcite/calcite-avatica/1.2.0-incubating/calcite-avatica-1.2.0-incubating.jar:/Users/lidandan/.m2/repository/stax/stax-api/1.0.1/stax-api-1.0.1.jar:/Users/lidandan/.m2/repository/jline/jline/2.12/jline-2.12.jar:/Users/lidandan/.m2/repository/org/slf4j/slf4j-api/1.7.5/slf4j-api-1.7.5.jar:/Users/lidandan/.m2/repository/org/slf4j/slf4j-log4j12/1.7.5/slf4j-log4j12-1.7.5.jar:/Users/lidandan/.m2/repository/org/apache/hadoop/hadoop-common/2.7.1/hadoop-common-2.7.1.jar:/Users/lidandan/.m2/repository/org/apache/hadoop/hadoop-annotations/2.7.1/hadoop-annotations-2.7.1.jar:/Library/Java/JavaVirtualMachines/jdk1.8.0_162.jdk/Contents/Home/jre/../lib/tools.jar:/Users/lidandan/.m2/repository/com/google/guava/guava/11.0.2/guava-11.0.2.jar:/Users/lidandan/.m2/repository/commons-cli/commons-cli/1.2/commons-cli-1.2.jar:/Users/lidandan/.m2/repository/org/apache/commons/commons-math3/3.1.1/commons-math3-3.1.1.jar:/Users/lidandan/.m2/repository/xmlenc/xmlenc/0.52/xmlenc-0.52.jar:/Users/lidandan/.m2/repository/commons-net/commons-net/3.1/commons-net-3.1.jar:/Users/lidandan/.m2/repository/commons-collections/commons-collections/3.2.1/commons-collections-3.2.1.jar:/Users/lidandan/.m2/repository/javax/servlet/servlet-api/2.5/servlet-api-2.5.jar:/Users/lidandan/.m2/repository/org/mortbay/jetty/jetty/6.1.26/jetty-6.1.26.jar:/Users/lidandan/.m2/repository/org/mortbay/jetty/jetty-util/6.1.26/jetty-util-6.1.26.jar:/Users/lidandan/.m2/repository/javax/servlet/jsp/jsp-api/2.1/jsp-api-2.1.jar:/Users/lidandan/.m2/repository/com/sun/jersey/jersey-core/1.9/jersey-core-1.9.jar:/Users/lidandan/.m2/repository/com/sun/jersey/jersey-json/1.9/jersey-json-1.9.jar:/Users/lidandan/.m2/repository/org/codehaus/jettison/jettison/1.1/jettison-1.1.jar:/Users/lidandan/.m2/repository/com/sun/xml/bind/jaxb-impl/2.2.3-1/jaxb-impl-2.2.3-1.jar:/Users/lidandan/.m2/repository/javax/xml/bind/jaxb-api/2.2.2/jaxb-api-2.2.2.jar:/Users/lidandan/.m2/repository/javax/xml/stream/stax-api/1.0-2/stax-api-1.0-2.jar:/Users/lidandan/.m2/repository/javax/activation/activation/1.1/activation-1.1.jar:/Users/lidandan/.m2/repository/org/codehaus/jackson/jackson-jaxrs/1.8.3/jackson-jaxrs-1.8.3.jar:/Users/lidandan/.m2/repository/org/codehaus/jackson/jackson-xc/1.8.3/jackson-xc-1.8.3.jar:/Users/lidandan/.m2/repository/com/sun/jersey/jersey-server/1.9/jersey-server-1.9.jar:/Users/lidandan/.m2/repository/asm/asm/3.1/asm-3.1.jar:/Users/lidandan/.m2/repository/net/java/dev/jets3t/jets3t/0.9.0/jets3t-0.9.0.jar:/Users/lidandan/.m2/repository/org/apache/httpcomponents/httpclient/4.1.2/httpclient-4.1.2.jar:/Users/lidandan/.m2/repository/org/apache/httpcomponents/httpcore/4.1.2/httpcore-4.1.2.jar:/Users/lidandan/.m2/repository/com/jamesmurty/utils/java-xmlbuilder/0.4/java-xmlbuilder-0.4.jar:/Users/lidandan/.m2/repository/commons-lang/commons-lang/2.6/commons-lang-2.6.jar:/Users/lidandan/.m2/repository/commons-configuration/commons-configuration/1.6/commons-configuration-1.6.jar:/Users/lidandan/.m2/repository/commons-digester/commons-digester/1.8/commons-digester-1.8.jar:/Users/lidandan/.m2/repository/commons-beanutils/commons-beanutils/1.7.0/commons-beanutils-1.7.0.jar:/Users/lidandan/.m2/repository/commons-beanutils/commons-beanutils-core/1.8.0/commons-beanutils-core-1.8.0.jar:/Users/lidandan/.m2/repository/org/codehaus/jackson/jackson-core-asl/1.9.13/jackson-core-asl-1.9.13.jar:/Users/lidandan/.m2/repository/org/codehaus/jackson/jackson-mapper-asl/1.9.13/jackson-mapper-asl-1.9.13.jar:/Users/lidandan/.m2/repository/org/apache/avro/avro/1.7.4/avro-1.7.4.jar:/Users/lidandan/.m2/repository/com/thoughtworks/paranamer/paranamer/2.3/paranamer-2.3.jar:/Users/lidandan/.m2/repository/org/xerial/snappy/snappy-java/1.0.4.1/snappy-java-1.0.4.1.jar:/Users/lidandan/.m2/repository/com/google/protobuf/protobuf-java/2.5.0/protobuf-java-2.5.0.jar:/Users/lidandan/.m2/repository/com/google/code/gson/gson/2.2.4/gson-2.2.4.jar:/Users/lidandan/.m2/repository/org/apache/hadoop/hadoop-auth/2.7.1/hadoop-auth-2.7.1.jar:/Users/lidandan/.m2/repository/org/apache/directory/server/apacheds-kerberos-codec/2.0.0-M15/apacheds-kerberos-codec-2.0.0-M15.jar:/Users/lidandan/.m2/repository/org/apache/directory/server/apacheds-i18n/2.0.0-M15/apacheds-i18n-2.0.0-M15.jar:/Users/lidandan/.m2/repository/org/apache/directory/api/api-asn1-api/1.0.0-M20/api-asn1-api-1.0.0-M20.jar:/Users/lidandan/.m2/repository/org/apache/directory/api/api-util/1.0.0-M20/api-util-1.0.0-M20.jar:/Users/lidandan/.m2/repository/com/jcraft/jsch/0.1.42/jsch-0.1.42.jar:/Users/lidandan/.m2/repository/org/apache/curator/curator-client/2.7.1/curator-client-2.7.1.jar:/Users/lidandan/.m2/repository/org/apache/curator/curator-recipes/2.7.1/curator-recipes-2.7.1.jar:/Users/lidandan/.m2/repository/com/google/code/findbugs/jsr305/3.0.0/jsr305-3.0.0.jar:/Users/lidandan/.m2/repository/org/apache/htrace/htrace-core/3.1.0-incubating/htrace-core-3.1.0-incubating.jar:/Users/lidandan/.m2/repository/org/apache/hadoop/hadoop-hdfs/2.7.1/hadoop-hdfs-2.7.1.jar:/Users/lidandan/.m2/repository/commons-daemon/commons-daemon/1.0.13/commons-daemon-1.0.13.jar:/Users/lidandan/.m2/repository/io/netty/netty-all/4.0.23.Final/netty-all-4.0.23.Final.jar:/Users/lidandan/.m2/repository/xerces/xercesImpl/2.9.1/xercesImpl-2.9.1.jar:/Users/lidandan/.m2/repository/xml-apis/xml-apis/1.3.04/xml-apis-1.3.04.jar:/Users/lidandan/.m2/repository/org/fusesource/leveldbjni/leveldbjni-all/1.8/leveldbjni-all-1.8.jar:/Users/lidandan/.m2/repository/org/apache/hadoop/hadoop-client/2.7.1/hadoop-client-2.7.1.jar:/Users/lidandan/.m2/repository/org/apache/hadoop/hadoop-mapreduce-client-app/2.7.1/hadoop-mapreduce-client-app-2.7.1.jar:/Users/lidandan/.m2/repository/org/apache/hadoop/hadoop-mapreduce-client-common/2.7.1/hadoop-mapreduce-client-common-2.7.1.jar:/Users/lidandan/.m2/repository/org/apache/hadoop/hadoop-yarn-client/2.7.1/hadoop-yarn-client-2.7.1.jar:/Users/lidandan/.m2/repository/org/apache/hadoop/hadoop-yarn-server-common/2.7.1/hadoop-yarn-server-common-2.7.1.jar:/Users/lidandan/.m2/repository/org/apache/hadoop/hadoop-mapreduce-client-shuffle/2.7.1/hadoop-mapreduce-client-shuffle-2.7.1.jar:/Users/lidandan/.m2/repository/org/apache/hadoop/hadoop-yarn-api/2.7.1/hadoop-yarn-api-2.7.1.jar:/Users/lidandan/.m2/repository/org/apache/hadoop/hadoop-mapreduce-client-core/2.7.1/hadoop-mapreduce-client-core-2.7.1.jar:/Users/lidandan/.m2/repository/org/apache/hadoop/hadoop-yarn-common/2.7.1/hadoop-yarn-common-2.7.1.jar:/Users/lidandan/.m2/repository/com/sun/jersey/jersey-client/1.9/jersey-client-1.9.jar:/Users/lidandan/.m2/repository/org/apache/hadoop/hadoop-mapreduce-client-jobclient/2.7.1/hadoop-mapreduce-client-jobclient-2.7.1.jar:"/>
    <property name="java.vm.vendor" value="Oracle Corporation"/>
    <property name="sun.arch.data.model" value="64"/>
    <property name="java.vendor.url" value="http://java.oracle.com/"/>
    <property name="user.timezone" value=""/>
    <property name="java.vm.specification.version" value="1.8"/>
    <property name="os.name" value="Mac OS X"/>
    <property name="user.country" value="CN"/>
    <property name="sun.java.launcher" value="SUN_STANDARD"/>
    <property name="sun.boot.library.path" value="/Library/Java/JavaVirtualMachines/jdk1.8.0_162.jdk/Contents/Home/jre/lib"/>
    <property name="sun.java.command" value="/Users/lidandan/IdeaProjects/hadoopWordCount/WepJudge/target/surefire/surefirebooter6395929448017874590.jar /Users/lidandan/IdeaProjects/hadoopWordCount/WepJudge/target/surefire 2018-05-10T16-14-02_132-jvmRun1 surefire4618531928801799928tmp surefire_02784109227709390573tmp"/>
    <property name="surefire.test.class.path" value="/Users/lidandan/IdeaProjects/hadoopWordCount/WepJudge/target/test-classes:/Users/lidandan/IdeaProjects/hadoopWordCount/WepJudge/target/classes:/Users/lidandan/.m2/repository/junit/junit/4.11/junit-4.11.jar:/Users/lidandan/.m2/repository/org/hamcrest/hamcrest-core/1.3/hamcrest-core-1.3.jar:/Users/lidandan/.m2/repository/org/apache/hive/hive-exec/1.2.1/hive-exec-1.2.1.jar:/Users/lidandan/.m2/repository/org/apache/hive/hive-ant/1.2.1/hive-ant-1.2.1.jar:/Users/lidandan/.m2/repository/org/apache/velocity/velocity/1.5/velocity-1.5.jar:/Users/lidandan/.m2/repository/oro/oro/2.0.8/oro-2.0.8.jar:/Users/lidandan/.m2/repository/org/apache/hive/hive-metastore/1.2.1/hive-metastore-1.2.1.jar:/Users/lidandan/.m2/repository/org/apache/hive/hive-serde/1.2.1/hive-serde-1.2.1.jar:/Users/lidandan/.m2/repository/org/apache/hive/hive-common/1.2.1/hive-common-1.2.1.jar:/Users/lidandan/.m2/repository/joda-time/joda-time/2.5/joda-time-2.5.jar:/Users/lidandan/.m2/repository/org/json/json/20090211/json-20090211.jar:/Users/lidandan/.m2/repository/net/sf/opencsv/opencsv/2.3/opencsv-2.3.jar:/Users/lidandan/.m2/repository/com/twitter/parquet-hadoop-bundle/1.6.0/parquet-hadoop-bundle-1.6.0.jar:/Users/lidandan/.m2/repository/com/jolbox/bonecp/0.8.0.RELEASE/bonecp-0.8.0.RELEASE.jar:/Users/lidandan/.m2/repository/org/apache/derby/derby/10.10.2.0/derby-10.10.2.0.jar:/Users/lidandan/.m2/repository/org/datanucleus/datanucleus-api-jdo/3.2.6/datanucleus-api-jdo-3.2.6.jar:/Users/lidandan/.m2/repository/org/datanucleus/datanucleus-rdbms/3.2.9/datanucleus-rdbms-3.2.9.jar:/Users/lidandan/.m2/repository/commons-pool/commons-pool/1.5.4/commons-pool-1.5.4.jar:/Users/lidandan/.m2/repository/commons-dbcp/commons-dbcp/1.4/commons-dbcp-1.4.jar:/Users/lidandan/.m2/repository/javax/jdo/jdo-api/3.0.1/jdo-api-3.0.1.jar:/Users/lidandan/.m2/repository/javax/transaction/jta/1.1/jta-1.1.jar:/Users/lidandan/.m2/repository/org/apache/thrift/libthrift/0.9.2/libthrift-0.9.2.jar:/Users/lidandan/.m2/repository/org/apache/hive/hive-shims/1.2.1/hive-shims-1.2.1.jar:/Users/lidandan/.m2/repository/org/apache/hive/shims/hive-shims-common/1.2.1/hive-shims-common-1.2.1.jar:/Users/lidandan/.m2/repository/org/apache/hive/shims/hive-shims-0.20S/1.2.1/hive-shims-0.20S-1.2.1.jar:/Users/lidandan/.m2/repository/org/apache/hive/shims/hive-shims-0.23/1.2.1/hive-shims-0.23-1.2.1.jar:/Users/lidandan/.m2/repository/org/apache/hadoop/hadoop-yarn-server-resourcemanager/2.6.0/hadoop-yarn-server-resourcemanager-2.6.0.jar:/Users/lidandan/.m2/repository/com/google/inject/extensions/guice-servlet/3.0/guice-servlet-3.0.jar:/Users/lidandan/.m2/repository/com/google/inject/guice/3.0/guice-3.0.jar:/Users/lidandan/.m2/repository/javax/inject/javax.inject/1/javax.inject-1.jar:/Users/lidandan/.m2/repository/aopalliance/aopalliance/1.0/aopalliance-1.0.jar:/Users/lidandan/.m2/repository/com/sun/jersey/contribs/jersey-guice/1.9/jersey-guice-1.9.jar:/Users/lidandan/.m2/repository/org/apache/hadoop/hadoop-yarn-server-applicationhistoryservice/2.6.0/hadoop-yarn-server-applicationhistoryservice-2.6.0.jar:/Users/lidandan/.m2/repository/org/apache/hadoop/hadoop-yarn-server-web-proxy/2.6.0/hadoop-yarn-server-web-proxy-2.6.0.jar:/Users/lidandan/.m2/repository/org/apache/hive/shims/hive-shims-scheduler/1.2.1/hive-shims-scheduler-1.2.1.jar:/Users/lidandan/.m2/repository/commons-codec/commons-codec/1.4/commons-codec-1.4.jar:/Users/lidandan/.m2/repository/commons-httpclient/commons-httpclient/3.0.1/commons-httpclient-3.0.1.jar:/Users/lidandan/.m2/repository/commons-io/commons-io/2.4/commons-io-2.4.jar:/Users/lidandan/.m2/repository/commons-logging/commons-logging/1.1.3/commons-logging-1.1.3.jar:/Users/lidandan/.m2/repository/log4j/log4j/1.2.16/log4j-1.2.16.jar:/Users/lidandan/.m2/repository/log4j/apache-log4j-extras/1.2.17/apache-log4j-extras-1.2.17.jar:/Users/lidandan/.m2/repository/org/antlr/antlr-runtime/3.4/antlr-runtime-3.4.jar:/Users/lidandan/.m2/repository/org/antlr/stringtemplate/3.2.1/stringtemplate-3.2.1.jar:/Users/lidandan/.m2/repository/antlr/antlr/2.7.7/antlr-2.7.7.jar:/Users/lidandan/.m2/repository/org/antlr/ST4/4.0.4/ST4-4.0.4.jar:/Users/lidandan/.m2/repository/org/apache/ant/ant/1.9.1/ant-1.9.1.jar:/Users/lidandan/.m2/repository/org/apache/ant/ant-launcher/1.9.1/ant-launcher-1.9.1.jar:/Users/lidandan/.m2/repository/org/apache/commons/commons-compress/1.4.1/commons-compress-1.4.1.jar:/Users/lidandan/.m2/repository/org/tukaani/xz/1.0/xz-1.0.jar:/Users/lidandan/.m2/repository/org/apache/thrift/libfb303/0.9.2/libfb303-0.9.2.jar:/Users/lidandan/.m2/repository/org/apache/ivy/ivy/2.4.0/ivy-2.4.0.jar:/Users/lidandan/.m2/repository/org/apache/zookeeper/zookeeper/3.4.6/zookeeper-3.4.6.jar:/Users/lidandan/.m2/repository/io/netty/netty/3.7.0.Final/netty-3.7.0.Final.jar:/Users/lidandan/.m2/repository/org/apache/curator/curator-framework/2.6.0/curator-framework-2.6.0.jar:/Users/lidandan/.m2/repository/org/codehaus/groovy/groovy-all/2.1.6/groovy-all-2.1.6.jar:/Users/lidandan/.m2/repository/org/datanucleus/datanucleus-core/3.2.10/datanucleus-core-3.2.10.jar:/Users/lidandan/.m2/repository/org/apache/calcite/calcite-core/1.2.0-incubating/calcite-core-1.2.0-incubating.jar:/Users/lidandan/.m2/repository/org/apache/calcite/calcite-linq4j/1.2.0-incubating/calcite-linq4j-1.2.0-incubating.jar:/Users/lidandan/.m2/repository/net/hydromatic/eigenbase-properties/1.1.5/eigenbase-properties-1.1.5.jar:/Users/lidandan/.m2/repository/org/codehaus/janino/janino/2.7.6/janino-2.7.6.jar:/Users/lidandan/.m2/repository/org/codehaus/janino/commons-compiler/2.7.6/commons-compiler-2.7.6.jar:/Users/lidandan/.m2/repository/org/pentaho/pentaho-aggdesigner-algorithm/5.1.5-jhyde/pentaho-aggdesigner-algorithm-5.1.5-jhyde.jar:/Users/lidandan/.m2/repository/org/apache/calcite/calcite-avatica/1.2.0-incubating/calcite-avatica-1.2.0-incubating.jar:/Users/lidandan/.m2/repository/stax/stax-api/1.0.1/stax-api-1.0.1.jar:/Users/lidandan/.m2/repository/jline/jline/2.12/jline-2.12.jar:/Users/lidandan/.m2/repository/org/slf4j/slf4j-api/1.7.5/slf4j-api-1.7.5.jar:/Users/lidandan/.m2/repository/org/slf4j/slf4j-log4j12/1.7.5/slf4j-log4j12-1.7.5.jar:/Users/lidandan/.m2/repository/org/apache/hadoop/hadoop-common/2.7.1/hadoop-common-2.7.1.jar:/Users/lidandan/.m2/repository/org/apache/hadoop/hadoop-annotations/2.7.1/hadoop-annotations-2.7.1.jar:/Library/Java/JavaVirtualMachines/jdk1.8.0_162.jdk/Contents/Home/jre/../lib/tools.jar:/Users/lidandan/.m2/repository/com/google/guava/guava/11.0.2/guava-11.0.2.jar:/Users/lidandan/.m2/repository/commons-cli/commons-cli/1.2/commons-cli-1.2.jar:/Users/lidandan/.m2/repository/org/apache/commons/commons-math3/3.1.1/commons-math3-3.1.1.jar:/Users/lidandan/.m2/repository/xmlenc/xmlenc/0.52/xmlenc-0.52.jar:/Users/lidandan/.m2/repository/commons-net/commons-net/3.1/commons-net-3.1.jar:/Users/lidandan/.m2/repository/commons-collections/commons-collections/3.2.1/commons-collections-3.2.1.jar:/Users/lidandan/.m2/repository/javax/servlet/servlet-api/2.5/servlet-api-2.5.jar:/Users/lidandan/.m2/repository/org/mortbay/jetty/jetty/6.1.26/jetty-6.1.26.jar:/Users/lidandan/.m2/repository/org/mortbay/jetty/jetty-util/6.1.26/jetty-util-6.1.26.jar:/Users/lidandan/.m2/repository/javax/servlet/jsp/jsp-api/2.1/jsp-api-2.1.jar:/Users/lidandan/.m2/repository/com/sun/jersey/jersey-core/1.9/jersey-core-1.9.jar:/Users/lidandan/.m2/repository/com/sun/jersey/jersey-json/1.9/jersey-json-1.9.jar:/Users/lidandan/.m2/repository/org/codehaus/jettison/jettison/1.1/jettison-1.1.jar:/Users/lidandan/.m2/repository/com/sun/xml/bind/jaxb-impl/2.2.3-1/jaxb-impl-2.2.3-1.jar:/Users/lidandan/.m2/repository/javax/xml/bind/jaxb-api/2.2.2/jaxb-api-2.2.2.jar:/Users/lidandan/.m2/repository/javax/xml/stream/stax-api/1.0-2/stax-api-1.0-2.jar:/Users/lidandan/.m2/repository/javax/activation/activation/1.1/activation-1.1.jar:/Users/lidandan/.m2/repository/org/codehaus/jackson/jackson-jaxrs/1.8.3/jackson-jaxrs-1.8.3.jar:/Users/lidandan/.m2/repository/org/codehaus/jackson/jackson-xc/1.8.3/jackson-xc-1.8.3.jar:/Users/lidandan/.m2/repository/com/sun/jersey/jersey-server/1.9/jersey-server-1.9.jar:/Users/lidandan/.m2/repository/asm/asm/3.1/asm-3.1.jar:/Users/lidandan/.m2/repository/net/java/dev/jets3t/jets3t/0.9.0/jets3t-0.9.0.jar:/Users/lidandan/.m2/repository/org/apache/httpcomponents/httpclient/4.1.2/httpclient-4.1.2.jar:/Users/lidandan/.m2/repository/org/apache/httpcomponents/httpcore/4.1.2/httpcore-4.1.2.jar:/Users/lidandan/.m2/repository/com/jamesmurty/utils/java-xmlbuilder/0.4/java-xmlbuilder-0.4.jar:/Users/lidandan/.m2/repository/commons-lang/commons-lang/2.6/commons-lang-2.6.jar:/Users/lidandan/.m2/repository/commons-configuration/commons-configuration/1.6/commons-configuration-1.6.jar:/Users/lidandan/.m2/repository/commons-digester/commons-digester/1.8/commons-digester-1.8.jar:/Users/lidandan/.m2/repository/commons-beanutils/commons-beanutils/1.7.0/commons-beanutils-1.7.0.jar:/Users/lidandan/.m2/repository/commons-beanutils/commons-beanutils-core/1.8.0/commons-beanutils-core-1.8.0.jar:/Users/lidandan/.m2/repository/org/codehaus/jackson/jackson-core-asl/1.9.13/jackson-core-asl-1.9.13.jar:/Users/lidandan/.m2/repository/org/codehaus/jackson/jackson-mapper-asl/1.9.13/jackson-mapper-asl-1.9.13.jar:/Users/lidandan/.m2/repository/org/apache/avro/avro/1.7.4/avro-1.7.4.jar:/Users/lidandan/.m2/repository/com/thoughtworks/paranamer/paranamer/2.3/paranamer-2.3.jar:/Users/lidandan/.m2/repository/org/xerial/snappy/snappy-java/1.0.4.1/snappy-java-1.0.4.1.jar:/Users/lidandan/.m2/repository/com/google/protobuf/protobuf-java/2.5.0/protobuf-java-2.5.0.jar:/Users/lidandan/.m2/repository/com/google/code/gson/gson/2.2.4/gson-2.2.4.jar:/Users/lidandan/.m2/repository/org/apache/hadoop/hadoop-auth/2.7.1/hadoop-auth-2.7.1.jar:/Users/lidandan/.m2/repository/org/apache/directory/server/apacheds-kerberos-codec/2.0.0-M15/apacheds-kerberos-codec-2.0.0-M15.jar:/Users/lidandan/.m2/repository/org/apache/directory/server/apacheds-i18n/2.0.0-M15/apacheds-i18n-2.0.0-M15.jar:/Users/lidandan/.m2/repository/org/apache/directory/api/api-asn1-api/1.0.0-M20/api-asn1-api-1.0.0-M20.jar:/Users/lidandan/.m2/repository/org/apache/directory/api/api-util/1.0.0-M20/api-util-1.0.0-M20.jar:/Users/lidandan/.m2/repository/com/jcraft/jsch/0.1.42/jsch-0.1.42.jar:/Users/lidandan/.m2/repository/org/apache/curator/curator-client/2.7.1/curator-client-2.7.1.jar:/Users/lidandan/.m2/repository/org/apache/curator/curator-recipes/2.7.1/curator-recipes-2.7.1.jar:/Users/lidandan/.m2/repository/com/google/code/findbugs/jsr305/3.0.0/jsr305-3.0.0.jar:/Users/lidandan/.m2/repository/org/apache/htrace/htrace-core/3.1.0-incubating/htrace-core-3.1.0-incubating.jar:/Users/lidandan/.m2/repository/org/apache/hadoop/hadoop-hdfs/2.7.1/hadoop-hdfs-2.7.1.jar:/Users/lidandan/.m2/repository/commons-daemon/commons-daemon/1.0.13/commons-daemon-1.0.13.jar:/Users/lidandan/.m2/repository/io/netty/netty-all/4.0.23.Final/netty-all-4.0.23.Final.jar:/Users/lidandan/.m2/repository/xerces/xercesImpl/2.9.1/xercesImpl-2.9.1.jar:/Users/lidandan/.m2/repository/xml-apis/xml-apis/1.3.04/xml-apis-1.3.04.jar:/Users/lidandan/.m2/repository/org/fusesource/leveldbjni/leveldbjni-all/1.8/leveldbjni-all-1.8.jar:/Users/lidandan/.m2/repository/org/apache/hadoop/hadoop-client/2.7.1/hadoop-client-2.7.1.jar:/Users/lidandan/.m2/repository/org/apache/hadoop/hadoop-mapreduce-client-app/2.7.1/hadoop-mapreduce-client-app-2.7.1.jar:/Users/lidandan/.m2/repository/org/apache/hadoop/hadoop-mapreduce-client-common/2.7.1/hadoop-mapreduce-client-common-2.7.1.jar:/Users/lidandan/.m2/repository/org/apache/hadoop/hadoop-yarn-client/2.7.1/hadoop-yarn-client-2.7.1.jar:/Users/lidandan/.m2/repository/org/apache/hadoop/hadoop-yarn-server-common/2.7.1/hadoop-yarn-server-common-2.7.1.jar:/Users/lidandan/.m2/repository/org/apache/hadoop/hadoop-mapreduce-client-shuffle/2.7.1/hadoop-mapreduce-client-shuffle-2.7.1.jar:/Users/lidandan/.m2/repository/org/apache/hadoop/hadoop-yarn-api/2.7.1/hadoop-yarn-api-2.7.1.jar:/Users/lidandan/.m2/repository/org/apache/hadoop/hadoop-mapreduce-client-core/2.7.1/hadoop-mapreduce-client-core-2.7.1.jar:/Users/lidandan/.m2/repository/org/apache/hadoop/hadoop-yarn-common/2.7.1/hadoop-yarn-common-2.7.1.jar:/Users/lidandan/.m2/repository/com/sun/jersey/jersey-client/1.9/jersey-client-1.9.jar:/Users/lidandan/.m2/repository/org/apache/hadoop/hadoop-mapreduce-client-jobclient/2.7.1/hadoop-mapreduce-client-jobclient-2.7.1.jar:"/>
    <property name="sun.cpu.endian" value="little"/>
    <property name="user.home" value="/Users/lidandan"/>
    <property name="user.language" value="zh"/>
    <property name="java.specification.vendor" value="Oracle Corporation"/>
    <property name="java.home" value="/Library/Java/JavaVirtualMachines/jdk1.8.0_162.jdk/Contents/Home/jre"/>
    <property name="basedir" value="/Users/lidandan/IdeaProjects/hadoopWordCount/WepJudge"/>
    <property name="file.separator" value="/"/>
    <property name="line.separator" value="&#10;"/>
    <property name="java.vm.specification.vendor" value="Oracle Corporation"/>
    <property name="java.specification.name" value="Java Platform API Specification"/>
    <property name="java.awt.graphicsenv" value="sun.awt.CGraphicsEnvironment"/>
    <property name="surefire.real.class.path" value="/Users/lidandan/IdeaProjects/hadoopWordCount/WepJudge/target/surefire/surefirebooter6395929448017874590.jar"/>
    <property name="sun.boot.class.path" value="/Library/Java/JavaVirtualMachines/jdk1.8.0_162.jdk/Contents/Home/jre/lib/resources.jar:/Library/Java/JavaVirtualMachines/jdk1.8.0_162.jdk/Contents/Home/jre/lib/rt.jar:/Library/Java/JavaVirtualMachines/jdk1.8.0_162.jdk/Contents/Home/jre/lib/sunrsasign.jar:/Library/Java/JavaVirtualMachines/jdk1.8.0_162.jdk/Contents/Home/jre/lib/jsse.jar:/Library/Java/JavaVirtualMachines/jdk1.8.0_162.jdk/Contents/Home/jre/lib/jce.jar:/Library/Java/JavaVirtualMachines/jdk1.8.0_162.jdk/Contents/Home/jre/lib/charsets.jar:/Library/Java/JavaVirtualMachines/jdk1.8.0_162.jdk/Contents/Home/jre/lib/jfr.jar:/Library/Java/JavaVirtualMachines/jdk1.8.0_162.jdk/Contents/Home/jre/classes"/>
    <property name="sun.management.compiler" value="HotSpot 64-Bit Tiered Compilers"/>
    <property name="java.runtime.version" value="1.8.0_162-b12"/>
    <property name="user.name" value="lidandan"/>
    <property name="path.separator" value=":"/>
    <property name="os.version" value="10.13.4"/>
    <property name="java.endorsed.dirs" value="/Library/Java/JavaVirtualMachines/jdk1.8.0_162.jdk/Contents/Home/jre/lib/endorsed"/>
    <property name="java.runtime.name" value="Java(TM) SE Runtime Environment"/>
    <property name="file.encoding" value="UTF-8"/>
    <property name="java.vm.name" value="Java HotSpot(TM) 64-Bit Server VM"/>
    <property name="localRepository" value="/Users/lidandan/.m2/repository"/>
    <property name="java.vendor.url.bug" value="http://bugreport.sun.com/bugreport/"/>
    <property name="java.io.tmpdir" value="/var/folders/3r/d9836crj7bd80_nsw334wx6c0000gn/T/"/>
    <property name="idea.version" value="2017.3.4"/>
    <property name="java.version" value="1.8.0_162"/>
    <property name="user.dir" value="/Users/lidandan/IdeaProjects/hadoopWordCount/WepJudge"/>
    <property name="os.arch" value="x86_64"/>
    <property name="java.vm.specification.name" value="Java Virtual Machine Specification"/>
    <property name="java.awt.printerjob" value="sun.lwawt.macosx.CPrinterJob"/>
    <property name="sun.os.patch.level" value="unknown"/>
    <property name="java.library.path" value="/Users/lidandan/Library/Java/Extensions:/Library/Java/Extensions:/Network/Library/Java/Extensions:/System/Library/Java/Extensions:/usr/lib/java:."/>
    <property name="java.vm.info" value="mixed mode"/>
    <property name="java.vendor" value="Oracle Corporation"/>
    <property name="java.vm.version" value="25.162-b12"/>
    <property name="java.ext.dirs" value="/Users/lidandan/Library/Java/Extensions:/Library/Java/JavaVirtualMachines/jdk1.8.0_162.jdk/Contents/Home/jre/lib/ext:/Library/Java/Extensions:/Network/Library/Java/Extensions:/System/Library/Java/Extensions:/usr/lib/java"/>
    <property name="sun.io.unicode.encoding" value="UnicodeBig"/>
    <property name="java.class.version" value="52.0"/>
  </properties>
  <testcase name="shouldAnswerWithTrue" classname="hadoopWork.AppTest" time="0.004"/>
</testsuite>